<html>
<head>
<title>TestNG:  Test</title>
<link href="../testng.css" rel="stylesheet" type="text/css" />
<link href="../my-testng.css" rel="stylesheet" type="text/css" />

<style type="text/css">
.log { display: none;} 
.stack-trace { display: none;} 
</style>
<script type="text/javascript">
<!--
function flip(e) {
  current = e.style.display;
  if (current == 'block') {
    e.style.display = 'none';
    return 0;
  }
  else {
    e.style.display = 'block';
    return 1;
  }
}

function toggleBox(szDivId, elem, msg1, msg2)
{
  var res = -1;  if (document.getElementById) {
    res = flip(document.getElementById(szDivId));
  }
  else if (document.all) {
    // this is the way old msie versions work
    res = flip(document.all[szDivId]);
  }
  if(elem) {
    if(res == 0) elem.innerHTML = msg1; else elem.innerHTML = msg2;
  }

}

function toggleAllBoxes() {
  if (document.getElementsByTagName) {
    d = document.getElementsByTagName('div');
    for (i = 0; i < d.length; i++) {
      if (d[i].className == 'log') {
        flip(d[i]);
      }
    }
  }
}

// -->
</script>

</head>
<body>
<h2 align='center'>Test</h2><table border='1' align="center">
<tr>
<td>Tests passed/Failed/Skipped:</td><td>33/1/0</td>
</tr><tr>
<td>Started on:</td><td>Sun May 15 18:00:25 EDT 2022</td>
</tr>
<tr><td>Total time:</td><td>568 seconds (568366 ms)</td>
</tr><tr>
<td>Included groups:</td><td></td>
</tr><tr>
<td>Excluded groups:</td><td></td>
</tr>
</table><p/>
<small><i>(Hover the method name to see the test class name)</i></small><p/>
<table width='100%' border='1' class='invocation-failed'>
<tr><td colspan='4' align='center'><b>FAILED TESTS</b></td></tr>
<tr><td><b>Test method</b></td>
<td width="30%"><b>Exception</b></td>
<td width="10%"><b>Time (seconds)</b></td>
<td><b>Instance</b></td>
</tr>
<tr>
<td title='com.automation.test.RandomScenarios.testcase33()'><b>testcase33</b><br>Test class: com.automation.test.RandomScenarios</td>
<td><div><pre>java.lang.AssertionError: expected [User: rajitha ss ~ Salesforce - Developer Edition] but found []
	at com.automation.test.RandomScenarios.testcase33(RandomScenarios.java:32)
	at java.base/java.util.ArrayList.forEach(ArrayList.java:1511)
	at java.base/java.util.concurrent.FutureTask.run(FutureTask.java:264)
	at java.base/java.util.concurrent.ThreadPoolExecutor.runWorker(ThreadPoolExecutor.java:1136)
	at java.base/java.util.concurrent.ThreadPoolExecutor$Worker.run(ThreadPoolExecutor.java:635)
	at java.base/java.lang.Thread.run(Thread.java:833)
... Removed 22 stack frames</pre></div><a href='#' onClick='toggleBox("stack-trace1281905671", this, "Click to show all stack frames", "Click to hide stack frames")'>Click to show all stack frames</a>
<div class='stack-trace' id='stack-trace1281905671'><pre>java.lang.AssertionError: expected [User: rajitha ss ~ Salesforce - Developer Edition] but found []
	at org.testng.Assert.fail(Assert.java:110)
	at org.testng.Assert.failNotEquals(Assert.java:1413)
	at org.testng.Assert.assertEqualsImpl(Assert.java:149)
	at org.testng.Assert.assertEquals(Assert.java:131)
	at org.testng.Assert.assertEquals(Assert.java:655)
	at org.testng.Assert.assertEquals(Assert.java:665)
	at com.automation.test.RandomScenarios.testcase33(RandomScenarios.java:32)
	at java.base/jdk.internal.reflect.DirectMethodHandleAccessor.invoke(DirectMethodHandleAccessor.java:104)
	at java.base/java.lang.reflect.Method.invoke(Method.java:577)
	at org.testng.internal.invokers.MethodInvocationHelper.invokeMethod(MethodInvocationHelper.java:135)
	at org.testng.internal.invokers.TestInvoker.invokeMethod(TestInvoker.java:673)
	at org.testng.internal.invokers.TestInvoker.invokeTestMethod(TestInvoker.java:220)
	at org.testng.internal.invokers.MethodRunner.runInSequence(MethodRunner.java:50)
	at org.testng.internal.invokers.TestInvoker$MethodInvocationAgent.invoke(TestInvoker.java:945)
	at org.testng.internal.invokers.TestInvoker.invokeTestMethods(TestInvoker.java:193)
	at org.testng.internal.invokers.TestMethodWorker.invokeTestMethods(TestMethodWorker.java:146)
	at org.testng.internal.invokers.TestMethodWorker.run(TestMethodWorker.java:128)
	at java.base/java.util.ArrayList.forEach(ArrayList.java:1511)
	at org.testng.TestRunner.privateRun(TestRunner.java:808)
	at org.testng.TestRunner.run(TestRunner.java:603)
	at org.testng.SuiteRunner.runTest(SuiteRunner.java:429)
	at org.testng.SuiteRunner.access$000(SuiteRunner.java:32)
	at org.testng.SuiteRunner$SuiteWorker.run(SuiteRunner.java:467)
	at org.testng.internal.thread.ThreadUtil.lambda$execute$0(ThreadUtil.java:58)
	at java.base/java.util.concurrent.FutureTask.run(FutureTask.java:264)
	at java.base/java.util.concurrent.ThreadPoolExecutor.runWorker(ThreadPoolExecutor.java:1136)
	at java.base/java.util.concurrent.ThreadPoolExecutor$Worker.run(ThreadPoolExecutor.java:635)
	at java.base/java.lang.Thread.run(Thread.java:833)
</pre></div></td>
<td>4</td>
<td>com.automation.test.RandomScenarios@36902638</td></tr>
</table><p>
<table width='100%' border='1' class='invocation-passed'>
<tr><td colspan='4' align='center'><b>PASSED TESTS</b></td></tr>
<tr><td><b>Test method</b></td>
<td width="30%"><b>Exception</b></td>
<td width="10%"><b>Time (seconds)</b></td>
<td><b>Instance</b></td>
</tr>
<tr>
<td title='com.automation.test.UsermenuDroppdown.testcase6()'><b>testcase6</b><br>Test class: com.automation.test.UsermenuDroppdown</td>
<td></td>
<td>18</td>
<td>com.automation.test.UsermenuDroppdown@564fabc8</td></tr>
<tr>
<td title='com.automation.test.ContactsTest.testcase31()'><b>testcase31</b><br>Test class: com.automation.test.ContactsTest</td>
<td></td>
<td>6</td>
<td>com.automation.test.ContactsTest@49ec71f8</td></tr>
<tr>
<td title='com.automation.test.UsermenuDroppdown.testcase9()'><b>testcase9</b><br>Test class: com.automation.test.UsermenuDroppdown</td>
<td></td>
<td>2</td>
<td>com.automation.test.UsermenuDroppdown@564fabc8</td></tr>
<tr>
<td title='com.automation.test.CreateAccount.testcase10()'><b>testcase10</b><br>Test class: com.automation.test.CreateAccount</td>
<td></td>
<td>7</td>
<td>com.automation.test.CreateAccount@399f45b1</td></tr>
<tr>
<td title='com.automation.test.CreateOpty.testcases17()'><b>testcases17</b><br>Test class: com.automation.test.CreateOpty</td>
<td></td>
<td>4</td>
<td>com.automation.test.CreateOpty@16d04d3d</td></tr>
<tr>
<td title='com.automation.test.UsermenuDroppdown.testcase5()'><b>testcase5</b><br>Test class: com.automation.test.UsermenuDroppdown</td>
<td></td>
<td>2</td>
<td>com.automation.test.UsermenuDroppdown@564fabc8</td></tr>
<tr>
<td title='com.automation.test.Leadtest.testcase20()'><b>testcase20</b><br>Test class: com.automation.test.Leadtest</td>
<td></td>
<td>2</td>
<td>com.automation.test.Leadtest@1d2adfbe</td></tr>
<tr>
<td title='com.automation.test.ContactsTest.testcase27()'><b>testcase27</b><br>Test class: com.automation.test.ContactsTest</td>
<td></td>
<td>4</td>
<td>com.automation.test.ContactsTest@49ec71f8</td></tr>
<tr>
<td title='com.automation.test.CreateAccount.testcase11()'><b>testcase11</b><br>Test class: com.automation.test.CreateAccount</td>
<td></td>
<td>7</td>
<td>com.automation.test.CreateAccount@399f45b1</td></tr>
<tr>
<td title='com.automation.test.Leadtest.testcase21()'><b>testcase21</b><br>Test class: com.automation.test.Leadtest</td>
<td></td>
<td>4</td>
<td>com.automation.test.Leadtest@1d2adfbe</td></tr>
<tr>
<td title='com.automation.test.UsermenuDroppdown.testcase7()'><b>testcase7</b><br>Test class: com.automation.test.UsermenuDroppdown</td>
<td></td>
<td>10</td>
<td>com.automation.test.UsermenuDroppdown@564fabc8</td></tr>
<tr>
<td title='com.automation.test.CreateOpty.testcase18()'><b>testcase18</b><br>Test class: com.automation.test.CreateOpty</td>
<td></td>
<td>4</td>
<td>com.automation.test.CreateOpty@16d04d3d</td></tr>
<tr>
<td title='com.automation.test.UsermenuDroppdown.addphoto()'><b>addphoto</b><br>Test class: com.automation.test.UsermenuDroppdown</td>
<td></td>
<td>29</td>
<td>com.automation.test.UsermenuDroppdown@564fabc8</td></tr>
<tr>
<td title='com.automation.test.ContactsTest.testcase30()'><b>testcase30</b><br>Test class: com.automation.test.ContactsTest</td>
<td></td>
<td>3</td>
<td>com.automation.test.ContactsTest@49ec71f8</td></tr>
<tr>
<td title='com.automation.test.Leadtest.testcase22()'><b>testcase22</b><br>Test class: com.automation.test.Leadtest</td>
<td></td>
<td>7</td>
<td>com.automation.test.Leadtest@1d2adfbe</td></tr>
<tr>
<td title='com.automation.test.UsermenuDroppdown.testcase8()'><b>testcase8</b><br>Test class: com.automation.test.UsermenuDroppdown</td>
<td></td>
<td>4</td>
<td>com.automation.test.UsermenuDroppdown@564fabc8</td></tr>
<tr>
<td title='com.automation.test.CreateOpty.testcase16()'><b>testcase16</b><br>Test class: com.automation.test.CreateOpty</td>
<td></td>
<td>5</td>
<td>com.automation.test.CreateOpty@16d04d3d</td></tr>
<tr>
<td title='com.automation.test.ContactsTest.testcase25()'><b>testcase25</b><br>Test class: com.automation.test.ContactsTest</td>
<td></td>
<td>7</td>
<td>com.automation.test.ContactsTest@49ec71f8</td></tr>
<tr>
<td title='com.automation.test.CreateOpty.testcase15()'><b>testcase15</b><br>Test class: com.automation.test.CreateOpty</td>
<td></td>
<td>5</td>
<td>com.automation.test.CreateOpty@16d04d3d</td></tr>
<tr>
<td title='com.automation.test.RandomScenarios.testcase36()'><b>testcase36</b><br>Test class: com.automation.test.RandomScenarios</td>
<td></td>
<td>13</td>
<td>com.automation.test.RandomScenarios@36902638</td></tr>
<tr>
<td title='com.automation.test.RandomScenarios.testcase37()'><b>testcase37</b><br>Test class: com.automation.test.RandomScenarios</td>
<td></td>
<td>12</td>
<td>com.automation.test.RandomScenarios@36902638</td></tr>
<tr>
<td title='com.automation.test.CreateOpty.testcase19()'><b>testcase19</b><br>Test class: com.automation.test.CreateOpty</td>
<td></td>
<td>5</td>
<td>com.automation.test.CreateOpty@16d04d3d</td></tr>
<tr>
<td title='com.automation.test.ContactsTest.testcase32()'><b>testcase32</b><br>Test class: com.automation.test.ContactsTest</td>
<td></td>
<td>6</td>
<td>com.automation.test.ContactsTest@49ec71f8</td></tr>
<tr>
<td title='com.automation.test.ContactsTest.testcase26()'><b>testcase26</b><br>Test class: com.automation.test.ContactsTest</td>
<td></td>
<td>5</td>
<td>com.automation.test.ContactsTest@49ec71f8</td></tr>
<tr>
<td title='com.automation.test.CreateAccount.testcase12()'><b>testcase12</b><br>Test class: com.automation.test.CreateAccount</td>
<td></td>
<td>8</td>
<td>com.automation.test.CreateAccount@399f45b1</td></tr>
<tr>
<td title='com.automation.test.ContactsTest.testcase28()'><b>testcase28</b><br>Test class: com.automation.test.ContactsTest</td>
<td></td>
<td>4</td>
<td>com.automation.test.ContactsTest@49ec71f8</td></tr>
<tr>
<td title='com.automation.test.Leadtest.testcase24()'><b>testcase24</b><br>Test class: com.automation.test.Leadtest</td>
<td></td>
<td>4</td>
<td>com.automation.test.Leadtest@1d2adfbe</td></tr>
<tr>
<td title='com.automation.test.CreateAccount.tastcase14()'><b>tastcase14</b><br>Test class: com.automation.test.CreateAccount</td>
<td></td>
<td>14</td>
<td>com.automation.test.CreateAccount@399f45b1</td></tr>
<tr>
<td title='com.automation.test.CreateAccount.testcase13()'><b>testcase13</b><br>Test class: com.automation.test.CreateAccount</td>
<td></td>
<td>7</td>
<td>com.automation.test.CreateAccount@399f45b1</td></tr>
<tr>
<td title='com.automation.test.RandomScenarios.testcase35()'><b>testcase35</b><br>Test class: com.automation.test.RandomScenarios</td>
<td></td>
<td>10</td>
<td>com.automation.test.RandomScenarios@36902638</td></tr>
<tr>
<td title='com.automation.test.RandomScenarios.testcase34()'><b>testcase34</b><br>Test class: com.automation.test.RandomScenarios</td>
<td></td>
<td>7</td>
<td>com.automation.test.RandomScenarios@36902638</td></tr>
<tr>
<td title='com.automation.test.Leadtest.testcase23()'><b>testcase23</b><br>Test class: com.automation.test.Leadtest</td>
<td></td>
<td>5</td>
<td>com.automation.test.Leadtest@1d2adfbe</td></tr>
<tr>
<td title='com.automation.test.ContactsTest.testcase29()'><b>testcase29</b><br>Test class: com.automation.test.ContactsTest</td>
<td></td>
<td>4</td>
<td>com.automation.test.ContactsTest@49ec71f8</td></tr>
</table><p>
</body>
</html>