<?xml version="1.0" encoding="UTF-8"?>
<!-- Generated by org.testng.reporters.JUnitXMLReporter -->
<testsuite ignored="10" hostname="vamsiraji" failures="1" tests="34" name="Test" time="568.366" errors="0" timestamp="2022-05-15T18:09:53 EDT">
  <testcase classname="com.automation.test.CreateAccount" name="tastcase14" time="14.384"/>
  <testcase classname="com.automation.test.CreateAccount" name="testcase10" time="7.233"/>
  <testcase classname="com.automation.test.CreateAccount" name="testcase11" time="7.391"/>
  <testcase classname="com.automation.test.CreateAccount" name="testcase12" time="8.42"/>
  <testcase classname="com.automation.test.CreateAccount" name="testcase13" time="7.197"/>
  <testcase classname="com.automation.test.UsermenuDroppdown" name="addphoto" time="29.47"/>
  <testcase classname="com.automation.test.UsermenuDroppdown" name="testcase5" time="2.056"/>
  <testcase classname="com.automation.test.UsermenuDroppdown" name="testcase6" time="18.608"/>
  <testcase classname="com.automation.test.UsermenuDroppdown" name="testcase7" time="10.85"/>
  <testcase classname="com.automation.test.UsermenuDroppdown" name="testcase8" time="4.938"/>
  <testcase classname="com.automation.test.UsermenuDroppdown" name="testcase9" time="2.78"/>
  <testcase classname="com.automation.test.CreateOpty" name="testcase15" time="5.089"/>
  <testcase classname="com.automation.test.CreateOpty" name="testcase16" time="5.99"/>
  <testcase classname="com.automation.test.CreateOpty" name="testcase18" time="4.44"/>
  <testcase classname="com.automation.test.CreateOpty" name="testcase19" time="5.662"/>
  <testcase classname="com.automation.test.CreateOpty" name="testcases17" time="4.655"/>
  <testcase classname="com.automation.test.ContactsTest" name="testcase25" time="7.868"/>
  <testcase classname="com.automation.test.ContactsTest" name="testcase26" time="5.353"/>
  <testcase classname="com.automation.test.ContactsTest" name="testcase27" time="4.442"/>
  <testcase classname="com.automation.test.ContactsTest" name="testcase28" time="4.438"/>
  <testcase classname="com.automation.test.ContactsTest" name="testcase29" time="4.77"/>
  <testcase classname="com.automation.test.ContactsTest" name="testcase30" time="3.166"/>
  <testcase classname="com.automation.test.ContactsTest" name="testcase31" time="6.998"/>
  <testcase classname="com.automation.test.ContactsTest" name="testcase32" time="6.776"/>
  <testcase classname="com.automation.test.Leadtest" name="testcase20" time="2.476"/>
  <testcase classname="com.automation.test.Leadtest" name="testcase21" time="4.576"/>
  <testcase classname="com.automation.test.Leadtest" name="testcase22" time="7.98"/>
  <testcase classname="com.automation.test.Leadtest" name="testcase23" time="5.256"/>
  <testcase classname="com.automation.test.Leadtest" name="testcase24" time="4.304"/>
  <testcase classname="com.automation.test.RandomScenarios" name="testcase33" time="4.751">
    <failure type="java.lang.AssertionError" message="expected [User: rajitha ss ~ Salesforce - Developer Edition] but found []">
      <![CDATA[java.lang.AssertionError: expected [User: rajitha ss ~ Salesforce - Developer Edition] but found []
at com.automation.test.RandomScenarios.testcase33(RandomScenarios.java:32)
at java.base/java.util.ArrayList.forEach(ArrayList.java:1511)
at java.base/java.util.concurrent.FutureTask.run(FutureTask.java:264)
at java.base/java.util.concurrent.ThreadPoolExecutor.runWorker(ThreadPoolExecutor.java:1136)
at java.base/java.util.concurrent.ThreadPoolExecutor$Worker.run(ThreadPoolExecutor.java:635)
at java.base/java.lang.Thread.run(Thread.java:833)
... Removed 22 stack frames]]>
    </failure>
  </testcase> <!-- testcase33 -->
  <testcase classname="com.automation.test.RandomScenarios" name="testcase34" time="7.984"/>
  <testcase classname="com.automation.test.RandomScenarios" name="testcase35" time="10.51"/>
  <testcase classname="com.automation.test.RandomScenarios" name="testcase36" time="13.003"/>
  <testcase classname="com.automation.test.RandomScenarios" name="testcase37" time="12.487"/>
  <testcase classname="com.salesfroce.basetest.Basescripts" name="@BeforeTest firstTestsetup" time="0.0">
    <ignored/>
  </testcase> <!-- @BeforeTest firstTestsetup -->
  <testcase classname="com.salesfroce.basetest.Basescripts" name="@AfterTest finaltestdown" time="0.0">
    <ignored/>
  </testcase> <!-- @AfterTest finaltestdown -->
  <testcase classname="com.salesfroce.basetest.Basescripts" name="@AfterTest finaltestdown" time="0.0">
    <ignored/>
  </testcase> <!-- @AfterTest finaltestdown -->
  <testcase classname="com.salesfroce.basetest.Basescripts" name="@AfterTest finaltestdown" time="0.0">
    <ignored/>
  </testcase> <!-- @AfterTest finaltestdown -->
  <testcase classname="com.salesfroce.basetest.Basescripts" name="@BeforeTest firstTestsetup" time="0.0">
    <ignored/>
  </testcase> <!-- @BeforeTest firstTestsetup -->
  <testcase classname="com.salesfroce.basetest.Basescripts" name="@BeforeTest firstTestsetup" time="0.0">
    <ignored/>
  </testcase> <!-- @BeforeTest firstTestsetup -->
  <testcase classname="com.salesfroce.basetest.Basescripts" name="@AfterTest finaltestdown" time="0.0">
    <ignored/>
  </testcase> <!-- @AfterTest finaltestdown -->
  <testcase classname="com.salesfroce.basetest.Basescripts" name="@AfterTest finaltestdown" time="0.0">
    <ignored/>
  </testcase> <!-- @AfterTest finaltestdown -->
  <testcase classname="com.salesfroce.basetest.Basescripts" name="@BeforeTest firstTestsetup" time="0.0">
    <ignored/>
  </testcase> <!-- @BeforeTest firstTestsetup -->
  <testcase classname="com.salesfroce.basetest.Basescripts" name="@BeforeTest firstTestsetup" time="0.0">
    <ignored/>
  </testcase> <!-- @BeforeTest firstTestsetup -->
</testsuite> <!-- Test -->
